2024/10/09 13:14:47 INFO  - jmeter.util.JMeterUtils: Setting Locale to en_IN 
2024/10/09 13:14:47 INFO  - jmeter.JMeter: Loading user properties from: /usr/share/jmeter/bin/user.properties 
2024/10/09 13:14:47 INFO  - jmeter.JMeter: Loading system properties from: /usr/share/jmeter/bin/system.properties 
2024/10/09 13:14:47 INFO  - jmeter.JMeter: Copyright (c) 1998-2015 The Apache Software Foundation 
2024/10/09 13:14:47 INFO  - jmeter.JMeter: Version 2.13.20180731 
2024/10/09 13:14:47 INFO  - jmeter.JMeter: java.version=11.0.24 
2024/10/09 13:14:47 INFO  - jmeter.JMeter: java.vm.name=OpenJDK 64-Bit Server VM 
2024/10/09 13:14:47 INFO  - jmeter.JMeter: os.name=Linux 
2024/10/09 13:14:47 INFO  - jmeter.JMeter: os.arch=amd64 
2024/10/09 13:14:47 INFO  - jmeter.JMeter: os.version=6.5.0-44-generic 
2024/10/09 13:14:47 INFO  - jmeter.JMeter: file.encoding=UTF-8 
2024/10/09 13:14:47 INFO  - jmeter.JMeter: Default Locale=English (India) 
2024/10/09 13:14:47 INFO  - jmeter.JMeter: JMeter  Locale=English (India) 
2024/10/09 13:14:47 INFO  - jmeter.JMeter: JMeterHome=/usr/share/jmeter 
2024/10/09 13:14:47 INFO  - jmeter.JMeter: user.dir  =/home/mandeep/Desktop/projects/healthcare 
2024/10/09 13:14:47 INFO  - jmeter.JMeter: PWD       =/home/mandeep/Desktop/projects/healthcare 
2024/10/09 13:14:47 INFO  - jmeter.JMeter: IP: 127.0.1.1 Name: mandeep-Modern-14-C11M FullName: mandeep-Modern-14-C11M 
2024/10/09 13:14:48 INFO  - jmeter.gui.action.LookAndFeelCommand: Using look and feel: javax.swing.plaf.metal.MetalLookAndFeel [Metal, CrossPlatform] 
2024/10/09 13:14:48 INFO  - jmeter.JMeter: Loaded icon properties from org/apache/jmeter/images/icon.properties 
2024/10/09 13:14:48 INFO  - jmeter.engine.util.CompoundVariable: Note: Function class names must contain the string: '.functions.' 
2024/10/09 13:14:48 INFO  - jmeter.engine.util.CompoundVariable: Note: Function class names must not contain the string: '.gui.' 
2024/10/09 13:14:48 INFO  - jmeter.util.BSFTestElement: Registering JMeter version of JavaScript engine as work-round for BSF-22 
2024/10/09 13:14:49 INFO  - jmeter.protocol.http.sampler.HTTPSamplerBase: Cannot find .className property for htmlParser, using default 
2024/10/09 13:14:49 INFO  - jmeter.protocol.http.sampler.HTTPSamplerBase: Parser for text/html is  
2024/10/09 13:14:49 INFO  - jmeter.protocol.http.sampler.HTTPSamplerBase: Parser for application/xhtml+xml is  
2024/10/09 13:14:49 INFO  - jmeter.protocol.http.sampler.HTTPSamplerBase: Parser for application/xml is  
2024/10/09 13:14:49 INFO  - jmeter.protocol.http.sampler.HTTPSamplerBase: Parser for text/xml is  
2024/10/09 13:14:49 INFO  - jmeter.protocol.http.sampler.HTTPSamplerBase: Parser for text/vnd.wap.wml is org.apache.jmeter.protocol.http.parser.RegexpHTMLParser 
2024/10/09 13:14:49 INFO  - jmeter.gui.util.MenuFactory: Skipping org.apache.jmeter.protocol.http.modifier.gui.ParamModifierGui 
2024/10/09 13:14:49 INFO  - jorphan.exec.KeyToolUtils: keytool found at 'keytool' 
2024/10/09 13:14:49 INFO  - jmeter.protocol.http.proxy.ProxyControl: HTTP(S) Test Script Recorder SSL Proxy will use keys that support embedded 3rd party resources in file /usr/share/jmeter/bin/proxyserver.jks 
2024/10/09 13:14:49 INFO  - jmeter.samplers.SampleResult: Note: Sample TimeStamps are START times 
2024/10/09 13:14:49 INFO  - jmeter.samplers.SampleResult: sampleresult.default.encoding is set to ISO-8859-1 
2024/10/09 13:14:49 INFO  - jmeter.samplers.SampleResult: sampleresult.useNanoTime=true 
2024/10/09 13:14:49 INFO  - jmeter.samplers.SampleResult: sampleresult.nanoThreadSleep=5000 
2024/10/09 13:17:26 INFO  - jmeter.engine.StandardJMeterEngine: Listeners will be started after enabling running version 
2024/10/09 13:17:26 INFO  - jmeter.engine.StandardJMeterEngine: To revert to the earlier behaviour, define jmeterengine.startlistenerslater=false 
2024/10/09 13:17:26 INFO  - jmeter.engine.StandardJMeterEngine: Running the test! 
2024/10/09 13:17:26 INFO  - jmeter.samplers.SampleEvent: List of sample_variables: [] 
2024/10/09 13:17:26 INFO  - jmeter.samplers.SampleEvent: List of sample_variables: [] 
2024/10/09 13:17:26 INFO  - jmeter.gui.util.JMeterMenuBar: setRunning(true,*local*) 
2024/10/09 13:17:26 INFO  - jmeter.engine.StandardJMeterEngine: No enabled thread groups found 
2024/10/09 13:17:26 INFO  - jmeter.engine.StandardJMeterEngine: Notifying test listeners of end of test 
2024/10/09 13:17:26 INFO  - jmeter.services.FileServer: Default base='/home/mandeep/Desktop/projects/healthcare' 
2024/10/09 13:17:26 INFO  - jmeter.gui.util.JMeterMenuBar: setRunning(false,*local*) 
2024/10/09 13:23:39 INFO  - jmeter.services.FileServer: Set new base='/home/mandeep/Desktop/projects/healthcare/deleted' 
2024/10/09 13:23:40 INFO  - jmeter.save.SaveService: Testplan (JMX) version: 2.2. Testlog (JTL) version: 2.2 
2024/10/09 13:23:40 INFO  - jmeter.save.SaveService: Using SaveService properties version 2.8 
2024/10/09 13:23:40 INFO  - jmeter.save.SaveService: Using SaveService properties file version 1656252 
2024/10/09 13:23:40 INFO  - jmeter.save.SaveService: Using SaveService properties file encoding UTF-8 
2024/10/09 13:23:40 INFO  - jmeter.save.SaveService: All converter versions present and correct 
2024/10/09 13:23:40 INFO  - jmeter.engine.StandardJMeterEngine: Running the test! 
2024/10/09 13:23:40 INFO  - jmeter.samplers.SampleEvent: List of sample_variables: [] 
2024/10/09 13:23:40 INFO  - jmeter.gui.util.JMeterMenuBar: setRunning(true,*local*) 
2024/10/09 13:23:40 INFO  - jmeter.engine.StandardJMeterEngine: Starting ThreadGroup: 1 : Users 
2024/10/09 13:23:40 INFO  - jmeter.engine.StandardJMeterEngine: Starting 1 threads for group Users. 
2024/10/09 13:23:40 INFO  - jmeter.engine.StandardJMeterEngine: Thread will continue on error 
2024/10/09 13:23:40 INFO  - jmeter.threads.ThreadGroup: Starting thread group number 1 threads 1 ramp-up 1 perThread 1000.0 delayedStart=false 
2024/10/09 13:23:40 INFO  - jmeter.threads.JMeterThread: jmeterthread.startearlier=true (see jmeter.properties) 
2024/10/09 13:23:40 INFO  - jmeter.threads.JMeterThread: Running PostProcessors in forward order 
2024/10/09 13:23:40 INFO  - jmeter.threads.ThreadGroup: Started thread group number 1 
2024/10/09 13:23:40 INFO  - jmeter.engine.StandardJMeterEngine: All thread groups have been started 
2024/10/09 13:23:40 INFO  - jmeter.threads.JMeterThread: Thread started: Users 1-1 
2024/10/09 13:23:40 INFO  - jmeter.threads.JMeterThread: Thread is done: Users 1-1 
2024/10/09 13:23:40 INFO  - jmeter.threads.JMeterThread: Thread finished: Users 1-1 
2024/10/09 13:23:40 INFO  - jmeter.engine.StandardJMeterEngine: Notifying test listeners of end of test 
2024/10/09 13:23:40 INFO  - jmeter.gui.util.JMeterMenuBar: setRunning(false,*local*) 
2024/10/09 13:23:43 INFO  - jmeter.engine.StandardJMeterEngine: Running the test! 
2024/10/09 13:23:43 INFO  - jmeter.samplers.SampleEvent: List of sample_variables: [] 
2024/10/09 13:23:43 INFO  - jmeter.gui.util.JMeterMenuBar: setRunning(true,*local*) 
2024/10/09 13:23:44 INFO  - jmeter.engine.StandardJMeterEngine: Starting ThreadGroup: 1 : Users 
2024/10/09 13:23:44 INFO  - jmeter.engine.StandardJMeterEngine: Starting 1 threads for group Users. 
2024/10/09 13:23:44 INFO  - jmeter.engine.StandardJMeterEngine: Thread will continue on error 
2024/10/09 13:23:44 INFO  - jmeter.threads.ThreadGroup: Starting thread group number 1 threads 1 ramp-up 1 perThread 1000.0 delayedStart=false 
2024/10/09 13:23:44 INFO  - jmeter.threads.ThreadGroup: Started thread group number 1 
2024/10/09 13:23:44 INFO  - jmeter.engine.StandardJMeterEngine: All thread groups have been started 
2024/10/09 13:23:44 INFO  - jmeter.threads.JMeterThread: Thread started: Users 1-1 
2024/10/09 13:23:44 INFO  - jmeter.threads.JMeterThread: Thread is done: Users 1-1 
2024/10/09 13:23:44 INFO  - jmeter.threads.JMeterThread: Thread finished: Users 1-1 
2024/10/09 13:23:44 INFO  - jmeter.engine.StandardJMeterEngine: Notifying test listeners of end of test 
2024/10/09 13:23:44 INFO  - jmeter.gui.util.JMeterMenuBar: setRunning(false,*local*) 
2024/10/09 13:23:46 INFO  - jmeter.engine.DistributedRunner: Configuring remote engine: 127.0.0.1 
2024/10/09 13:23:46 ERROR - jmeter.engine.DistributedRunner: Failed to create engine at 127.0.0.1 java.rmi.ConnectException: Connection refused to host: 127.0.0.1; nested exception is: 
	java.net.ConnectException: Connection refused (Connection refused)
	at java.rmi/sun.rmi.transport.tcp.TCPEndpoint.newSocket(TCPEndpoint.java:623)
	at java.rmi/sun.rmi.transport.tcp.TCPChannel.createConnection(TCPChannel.java:209)
	at java.rmi/sun.rmi.transport.tcp.TCPChannel.newConnection(TCPChannel.java:196)
	at java.rmi/sun.rmi.server.UnicastRef.newCall(UnicastRef.java:343)
	at java.rmi/sun.rmi.registry.RegistryImpl_Stub.lookup(RegistryImpl_Stub.java:116)
	at java.rmi/java.rmi.Naming.lookup(Naming.java:101)
	at org.apache.jmeter.engine.ClientJMeterEngine.getEngine(ClientJMeterEngine.java:54)
	at org.apache.jmeter.engine.ClientJMeterEngine.<init>(ClientJMeterEngine.java:67)
	at org.apache.jmeter.engine.DistributedRunner.createEngine(DistributedRunner.java:237)
	at org.apache.jmeter.engine.DistributedRunner.getClientEngine(DistributedRunner.java:213)
	at org.apache.jmeter.engine.DistributedRunner.init(DistributedRunner.java:91)
	at org.apache.jmeter.gui.action.RemoteStart.doAction(RemoteStart.java:85)
	at org.apache.jmeter.gui.action.ActionRouter.performAction(ActionRouter.java:81)
	at org.apache.jmeter.gui.action.ActionRouter.access$000(ActionRouter.java:40)
	at org.apache.jmeter.gui.action.ActionRouter$1.run(ActionRouter.java:63)
	at java.desktop/java.awt.event.InvocationEvent.dispatch(InvocationEvent.java:313)
	at java.desktop/java.awt.EventQueue.dispatchEventImpl(EventQueue.java:770)
	at java.desktop/java.awt.EventQueue$4.run(EventQueue.java:721)
	at java.desktop/java.awt.EventQueue$4.run(EventQueue.java:715)
	at java.base/java.security.AccessController.doPrivileged(Native Method)
	at java.base/java.security.ProtectionDomain$JavaSecurityAccessImpl.doIntersectionPrivilege(ProtectionDomain.java:85)
	at java.desktop/java.awt.EventQueue.dispatchEvent(EventQueue.java:740)
	at java.desktop/java.awt.EventDispatchThread.pumpOneEventForFilters(EventDispatchThread.java:203)
	at java.desktop/java.awt.EventDispatchThread.pumpEventsForFilter(EventDispatchThread.java:124)
	at java.desktop/java.awt.EventDispatchThread.pumpEventsForHierarchy(EventDispatchThread.java:113)
	at java.desktop/java.awt.EventDispatchThread.pumpEvents(EventDispatchThread.java:109)
	at java.desktop/java.awt.EventDispatchThread.pumpEvents(EventDispatchThread.java:101)
	at java.desktop/java.awt.EventDispatchThread.run(EventDispatchThread.java:90)
Caused by: java.net.ConnectException: Connection refused (Connection refused)
	at java.base/java.net.PlainSocketImpl.socketConnect(Native Method)
	at java.base/java.net.AbstractPlainSocketImpl.doConnect(AbstractPlainSocketImpl.java:412)
	at java.base/java.net.AbstractPlainSocketImpl.connectToAddress(AbstractPlainSocketImpl.java:255)
	at java.base/java.net.AbstractPlainSocketImpl.connect(AbstractPlainSocketImpl.java:237)
	at java.base/java.net.SocksSocketImpl.connect(SocksSocketImpl.java:392)
	at java.base/java.net.Socket.connect(Socket.java:609)
	at java.base/java.net.Socket.connect(Socket.java:558)
	at java.base/java.net.Socket.<init>(Socket.java:454)
	at java.base/java.net.Socket.<init>(Socket.java:231)
	at java.rmi/sun.rmi.transport.tcp.TCPDirectSocketFactory.createSocket(TCPDirectSocketFactory.java:40)
	at java.rmi/sun.rmi.transport.tcp.TCPEndpoint.newSocket(TCPEndpoint.java:617)
	... 27 more

2024/10/09 13:23:52 INFO  - jmeter.engine.DistributedRunner: Failed to configure 127.0.0.1 
2024/10/09 13:23:52 INFO  - jmeter.engine.DistributedRunner: Stopping remote engines 
2024/10/09 13:23:52 INFO  - jmeter.engine.DistributedRunner: Remote engines have been stopped 
2024/10/09 13:23:52 ERROR - jmeter.gui.action.ActionRouter: Error processing org.apache.jmeter.gui.action.RemoteStart@4f5991f6 java.lang.RuntimeException: Following remote engines could not be configured:[127.0.0.1]
	at org.apache.jmeter.engine.DistributedRunner.init(DistributedRunner.java:110)
	at org.apache.jmeter.gui.action.RemoteStart.doAction(RemoteStart.java:85)
	at org.apache.jmeter.gui.action.ActionRouter.performAction(ActionRouter.java:81)
	at org.apache.jmeter.gui.action.ActionRouter.access$000(ActionRouter.java:40)
	at org.apache.jmeter.gui.action.ActionRouter$1.run(ActionRouter.java:63)
	at java.desktop/java.awt.event.InvocationEvent.dispatch(InvocationEvent.java:313)
	at java.desktop/java.awt.EventQueue.dispatchEventImpl(EventQueue.java:770)
	at java.desktop/java.awt.EventQueue$4.run(EventQueue.java:721)
	at java.desktop/java.awt.EventQueue$4.run(EventQueue.java:715)
	at java.base/java.security.AccessController.doPrivileged(Native Method)
	at java.base/java.security.ProtectionDomain$JavaSecurityAccessImpl.doIntersectionPrivilege(ProtectionDomain.java:85)
	at java.desktop/java.awt.EventQueue.dispatchEvent(EventQueue.java:740)
	at java.desktop/java.awt.EventDispatchThread.pumpOneEventForFilters(EventDispatchThread.java:203)
	at java.desktop/java.awt.EventDispatchThread.pumpEventsForFilter(EventDispatchThread.java:124)
	at java.desktop/java.awt.EventDispatchThread.pumpEventsForHierarchy(EventDispatchThread.java:113)
	at java.desktop/java.awt.EventDispatchThread.pumpEvents(EventDispatchThread.java:109)
	at java.desktop/java.awt.EventDispatchThread.pumpEvents(EventDispatchThread.java:101)
	at java.desktop/java.awt.EventDispatchThread.run(EventDispatchThread.java:90)

2024/10/09 13:24:03 INFO  - jmeter.engine.DistributedRunner: Configuring remote engine: 127.0.0.1 
2024/10/09 13:24:03 ERROR - jmeter.engine.DistributedRunner: Failed to create engine at 127.0.0.1 java.rmi.ConnectException: Connection refused to host: 127.0.0.1; nested exception is: 
	java.net.ConnectException: Connection refused (Connection refused)
	at java.rmi/sun.rmi.transport.tcp.TCPEndpoint.newSocket(TCPEndpoint.java:623)
	at java.rmi/sun.rmi.transport.tcp.TCPChannel.createConnection(TCPChannel.java:209)
	at java.rmi/sun.rmi.transport.tcp.TCPChannel.newConnection(TCPChannel.java:196)
	at java.rmi/sun.rmi.server.UnicastRef.newCall(UnicastRef.java:343)
	at java.rmi/sun.rmi.registry.RegistryImpl_Stub.lookup(RegistryImpl_Stub.java:116)
	at java.rmi/java.rmi.Naming.lookup(Naming.java:101)
	at org.apache.jmeter.engine.ClientJMeterEngine.getEngine(ClientJMeterEngine.java:54)
	at org.apache.jmeter.engine.ClientJMeterEngine.<init>(ClientJMeterEngine.java:67)
	at org.apache.jmeter.engine.DistributedRunner.createEngine(DistributedRunner.java:237)
	at org.apache.jmeter.engine.DistributedRunner.getClientEngine(DistributedRunner.java:213)
	at org.apache.jmeter.engine.DistributedRunner.init(DistributedRunner.java:91)
	at org.apache.jmeter.gui.action.RemoteStart.doAction(RemoteStart.java:85)
	at org.apache.jmeter.gui.action.ActionRouter.performAction(ActionRouter.java:81)
	at org.apache.jmeter.gui.action.ActionRouter.access$000(ActionRouter.java:40)
	at org.apache.jmeter.gui.action.ActionRouter$1.run(ActionRouter.java:63)
	at java.desktop/java.awt.event.InvocationEvent.dispatch(InvocationEvent.java:313)
	at java.desktop/java.awt.EventQueue.dispatchEventImpl(EventQueue.java:770)
	at java.desktop/java.awt.EventQueue$4.run(EventQueue.java:721)
	at java.desktop/java.awt.EventQueue$4.run(EventQueue.java:715)
	at java.base/java.security.AccessController.doPrivileged(Native Method)
	at java.base/java.security.ProtectionDomain$JavaSecurityAccessImpl.doIntersectionPrivilege(ProtectionDomain.java:85)
	at java.desktop/java.awt.EventQueue.dispatchEvent(EventQueue.java:740)
	at java.desktop/java.awt.EventDispatchThread.pumpOneEventForFilters(EventDispatchThread.java:203)
	at java.desktop/java.awt.EventDispatchThread.pumpEventsForFilter(EventDispatchThread.java:124)
	at java.desktop/java.awt.EventDispatchThread.pumpEventsForHierarchy(EventDispatchThread.java:113)
	at java.desktop/java.awt.EventDispatchThread.pumpEvents(EventDispatchThread.java:109)
	at java.desktop/java.awt.EventDispatchThread.pumpEvents(EventDispatchThread.java:101)
	at java.desktop/java.awt.EventDispatchThread.run(EventDispatchThread.java:90)
Caused by: java.net.ConnectException: Connection refused (Connection refused)
	at java.base/java.net.PlainSocketImpl.socketConnect(Native Method)
	at java.base/java.net.AbstractPlainSocketImpl.doConnect(AbstractPlainSocketImpl.java:412)
	at java.base/java.net.AbstractPlainSocketImpl.connectToAddress(AbstractPlainSocketImpl.java:255)
	at java.base/java.net.AbstractPlainSocketImpl.connect(AbstractPlainSocketImpl.java:237)
	at java.base/java.net.SocksSocketImpl.connect(SocksSocketImpl.java:392)
	at java.base/java.net.Socket.connect(Socket.java:609)
	at java.base/java.net.Socket.connect(Socket.java:558)
	at java.base/java.net.Socket.<init>(Socket.java:454)
	at java.base/java.net.Socket.<init>(Socket.java:231)
	at java.rmi/sun.rmi.transport.tcp.TCPDirectSocketFactory.createSocket(TCPDirectSocketFactory.java:40)
	at java.rmi/sun.rmi.transport.tcp.TCPEndpoint.newSocket(TCPEndpoint.java:617)
	... 27 more

2024/10/09 13:24:14 INFO  - jmeter.engine.DistributedRunner: Failed to configure 127.0.0.1 
2024/10/09 13:24:14 INFO  - jmeter.engine.DistributedRunner: Stopping remote engines 
2024/10/09 13:24:14 INFO  - jmeter.engine.DistributedRunner: Remote engines have been stopped 
2024/10/09 13:24:14 ERROR - jmeter.gui.action.ActionRouter: Error processing org.apache.jmeter.gui.action.RemoteStart@4f5991f6 java.lang.RuntimeException: Following remote engines could not be configured:[127.0.0.1]
	at org.apache.jmeter.engine.DistributedRunner.init(DistributedRunner.java:110)
	at org.apache.jmeter.gui.action.RemoteStart.doAction(RemoteStart.java:85)
	at org.apache.jmeter.gui.action.ActionRouter.performAction(ActionRouter.java:81)
	at org.apache.jmeter.gui.action.ActionRouter.access$000(ActionRouter.java:40)
	at org.apache.jmeter.gui.action.ActionRouter$1.run(ActionRouter.java:63)
	at java.desktop/java.awt.event.InvocationEvent.dispatch(InvocationEvent.java:313)
	at java.desktop/java.awt.EventQueue.dispatchEventImpl(EventQueue.java:770)
	at java.desktop/java.awt.EventQueue$4.run(EventQueue.java:721)
	at java.desktop/java.awt.EventQueue$4.run(EventQueue.java:715)
	at java.base/java.security.AccessController.doPrivileged(Native Method)
	at java.base/java.security.ProtectionDomain$JavaSecurityAccessImpl.doIntersectionPrivilege(ProtectionDomain.java:85)
	at java.desktop/java.awt.EventQueue.dispatchEvent(EventQueue.java:740)
	at java.desktop/java.awt.EventDispatchThread.pumpOneEventForFilters(EventDispatchThread.java:203)
	at java.desktop/java.awt.EventDispatchThread.pumpEventsForFilter(EventDispatchThread.java:124)
	at java.desktop/java.awt.EventDispatchThread.pumpEventsForHierarchy(EventDispatchThread.java:113)
	at java.desktop/java.awt.EventDispatchThread.pumpEvents(EventDispatchThread.java:109)
	at java.desktop/java.awt.EventDispatchThread.pumpEvents(EventDispatchThread.java:101)
	at java.desktop/java.awt.EventDispatchThread.run(EventDispatchThread.java:90)

2024/10/09 13:25:57 INFO  - jmeter.engine.DistributedRunner: Configuring remote engine: 127.0.0.1 
2024/10/09 13:25:57 ERROR - jmeter.engine.DistributedRunner: Failed to create engine at 127.0.0.1 java.rmi.ConnectException: Connection refused to host: 127.0.0.1; nested exception is: 
	java.net.ConnectException: Connection refused (Connection refused)
	at java.rmi/sun.rmi.transport.tcp.TCPEndpoint.newSocket(TCPEndpoint.java:623)
	at java.rmi/sun.rmi.transport.tcp.TCPChannel.createConnection(TCPChannel.java:209)
	at java.rmi/sun.rmi.transport.tcp.TCPChannel.newConnection(TCPChannel.java:196)
	at java.rmi/sun.rmi.server.UnicastRef.newCall(UnicastRef.java:343)
	at java.rmi/sun.rmi.registry.RegistryImpl_Stub.lookup(RegistryImpl_Stub.java:116)
	at java.rmi/java.rmi.Naming.lookup(Naming.java:101)
	at org.apache.jmeter.engine.ClientJMeterEngine.getEngine(ClientJMeterEngine.java:54)
	at org.apache.jmeter.engine.ClientJMeterEngine.<init>(ClientJMeterEngine.java:67)
	at org.apache.jmeter.engine.DistributedRunner.createEngine(DistributedRunner.java:237)
	at org.apache.jmeter.engine.DistributedRunner.getClientEngine(DistributedRunner.java:213)
	at org.apache.jmeter.engine.DistributedRunner.init(DistributedRunner.java:91)
	at org.apache.jmeter.gui.action.RemoteStart.doAction(RemoteStart.java:85)
	at org.apache.jmeter.gui.action.ActionRouter.performAction(ActionRouter.java:81)
	at org.apache.jmeter.gui.action.ActionRouter.access$000(ActionRouter.java:40)
	at org.apache.jmeter.gui.action.ActionRouter$1.run(ActionRouter.java:63)
	at java.desktop/java.awt.event.InvocationEvent.dispatch(InvocationEvent.java:313)
	at java.desktop/java.awt.EventQueue.dispatchEventImpl(EventQueue.java:770)
	at java.desktop/java.awt.EventQueue$4.run(EventQueue.java:721)
	at java.desktop/java.awt.EventQueue$4.run(EventQueue.java:715)
	at java.base/java.security.AccessController.doPrivileged(Native Method)
	at java.base/java.security.ProtectionDomain$JavaSecurityAccessImpl.doIntersectionPrivilege(ProtectionDomain.java:85)
	at java.desktop/java.awt.EventQueue.dispatchEvent(EventQueue.java:740)
	at java.desktop/java.awt.EventDispatchThread.pumpOneEventForFilters(EventDispatchThread.java:203)
	at java.desktop/java.awt.EventDispatchThread.pumpEventsForFilter(EventDispatchThread.java:124)
	at java.desktop/java.awt.EventDispatchThread.pumpEventsForHierarchy(EventDispatchThread.java:113)
	at java.desktop/java.awt.EventDispatchThread.pumpEvents(EventDispatchThread.java:109)
	at java.desktop/java.awt.EventDispatchThread.pumpEvents(EventDispatchThread.java:101)
	at java.desktop/java.awt.EventDispatchThread.run(EventDispatchThread.java:90)
Caused by: java.net.ConnectException: Connection refused (Connection refused)
	at java.base/java.net.PlainSocketImpl.socketConnect(Native Method)
	at java.base/java.net.AbstractPlainSocketImpl.doConnect(AbstractPlainSocketImpl.java:412)
	at java.base/java.net.AbstractPlainSocketImpl.connectToAddress(AbstractPlainSocketImpl.java:255)
	at java.base/java.net.AbstractPlainSocketImpl.connect(AbstractPlainSocketImpl.java:237)
	at java.base/java.net.SocksSocketImpl.connect(SocksSocketImpl.java:392)
	at java.base/java.net.Socket.connect(Socket.java:609)
	at java.base/java.net.Socket.connect(Socket.java:558)
	at java.base/java.net.Socket.<init>(Socket.java:454)
	at java.base/java.net.Socket.<init>(Socket.java:231)
	at java.rmi/sun.rmi.transport.tcp.TCPDirectSocketFactory.createSocket(TCPDirectSocketFactory.java:40)
	at java.rmi/sun.rmi.transport.tcp.TCPEndpoint.newSocket(TCPEndpoint.java:617)
	... 27 more

2024/10/09 13:25:59 INFO  - jmeter.engine.DistributedRunner: Failed to configure 127.0.0.1 
2024/10/09 13:25:59 INFO  - jmeter.engine.DistributedRunner: Stopping remote engines 
2024/10/09 13:25:59 INFO  - jmeter.engine.DistributedRunner: Remote engines have been stopped 
2024/10/09 13:25:59 ERROR - jmeter.gui.action.ActionRouter: Error processing org.apache.jmeter.gui.action.RemoteStart@4f5991f6 java.lang.RuntimeException: Following remote engines could not be configured:[127.0.0.1]
	at org.apache.jmeter.engine.DistributedRunner.init(DistributedRunner.java:110)
	at org.apache.jmeter.gui.action.RemoteStart.doAction(RemoteStart.java:85)
	at org.apache.jmeter.gui.action.ActionRouter.performAction(ActionRouter.java:81)
	at org.apache.jmeter.gui.action.ActionRouter.access$000(ActionRouter.java:40)
	at org.apache.jmeter.gui.action.ActionRouter$1.run(ActionRouter.java:63)
	at java.desktop/java.awt.event.InvocationEvent.dispatch(InvocationEvent.java:313)
	at java.desktop/java.awt.EventQueue.dispatchEventImpl(EventQueue.java:770)
	at java.desktop/java.awt.EventQueue$4.run(EventQueue.java:721)
	at java.desktop/java.awt.EventQueue$4.run(EventQueue.java:715)
	at java.base/java.security.AccessController.doPrivileged(Native Method)
	at java.base/java.security.ProtectionDomain$JavaSecurityAccessImpl.doIntersectionPrivilege(ProtectionDomain.java:85)
	at java.desktop/java.awt.EventQueue.dispatchEvent(EventQueue.java:740)
	at java.desktop/java.awt.EventDispatchThread.pumpOneEventForFilters(EventDispatchThread.java:203)
	at java.desktop/java.awt.EventDispatchThread.pumpEventsForFilter(EventDispatchThread.java:124)
	at java.desktop/java.awt.EventDispatchThread.pumpEventsForHierarchy(EventDispatchThread.java:113)
	at java.desktop/java.awt.EventDispatchThread.pumpEvents(EventDispatchThread.java:109)
	at java.desktop/java.awt.EventDispatchThread.pumpEvents(EventDispatchThread.java:101)
	at java.desktop/java.awt.EventDispatchThread.run(EventDispatchThread.java:90)

2024/10/09 13:26:06 INFO  - jmeter.engine.DistributedRunner: Configuring remote engine: 127.0.0.1 
2024/10/09 13:26:06 ERROR - jmeter.engine.DistributedRunner: Failed to create engine at 127.0.0.1 java.rmi.ConnectException: Connection refused to host: 127.0.0.1; nested exception is: 
	java.net.ConnectException: Connection refused (Connection refused)
	at java.rmi/sun.rmi.transport.tcp.TCPEndpoint.newSocket(TCPEndpoint.java:623)
	at java.rmi/sun.rmi.transport.tcp.TCPChannel.createConnection(TCPChannel.java:209)
	at java.rmi/sun.rmi.transport.tcp.TCPChannel.newConnection(TCPChannel.java:196)
	at java.rmi/sun.rmi.server.UnicastRef.newCall(UnicastRef.java:343)
	at java.rmi/sun.rmi.registry.RegistryImpl_Stub.lookup(RegistryImpl_Stub.java:116)
	at java.rmi/java.rmi.Naming.lookup(Naming.java:101)
	at org.apache.jmeter.engine.ClientJMeterEngine.getEngine(ClientJMeterEngine.java:54)
	at org.apache.jmeter.engine.ClientJMeterEngine.<init>(ClientJMeterEngine.java:67)
	at org.apache.jmeter.engine.DistributedRunner.createEngine(DistributedRunner.java:237)
	at org.apache.jmeter.engine.DistributedRunner.getClientEngine(DistributedRunner.java:213)
	at org.apache.jmeter.engine.DistributedRunner.init(DistributedRunner.java:91)
	at org.apache.jmeter.gui.action.RemoteStart.doAction(RemoteStart.java:85)
	at org.apache.jmeter.gui.action.ActionRouter.performAction(ActionRouter.java:81)
	at org.apache.jmeter.gui.action.ActionRouter.access$000(ActionRouter.java:40)
	at org.apache.jmeter.gui.action.ActionRouter$1.run(ActionRouter.java:63)
	at java.desktop/java.awt.event.InvocationEvent.dispatch(InvocationEvent.java:313)
	at java.desktop/java.awt.EventQueue.dispatchEventImpl(EventQueue.java:770)
	at java.desktop/java.awt.EventQueue$4.run(EventQueue.java:721)
	at java.desktop/java.awt.EventQueue$4.run(EventQueue.java:715)
	at java.base/java.security.AccessController.doPrivileged(Native Method)
	at java.base/java.security.ProtectionDomain$JavaSecurityAccessImpl.doIntersectionPrivilege(ProtectionDomain.java:85)
	at java.desktop/java.awt.EventQueue.dispatchEvent(EventQueue.java:740)
	at java.desktop/java.awt.EventDispatchThread.pumpOneEventForFilters(EventDispatchThread.java:203)
	at java.desktop/java.awt.EventDispatchThread.pumpEventsForFilter(EventDispatchThread.java:124)
	at java.desktop/java.awt.EventDispatchThread.pumpEventsForHierarchy(EventDispatchThread.java:113)
	at java.desktop/java.awt.EventDispatchThread.pumpEvents(EventDispatchThread.java:109)
	at java.desktop/java.awt.EventDispatchThread.pumpEvents(EventDispatchThread.java:101)
	at java.desktop/java.awt.EventDispatchThread.run(EventDispatchThread.java:90)
Caused by: java.net.ConnectException: Connection refused (Connection refused)
	at java.base/java.net.PlainSocketImpl.socketConnect(Native Method)
	at java.base/java.net.AbstractPlainSocketImpl.doConnect(AbstractPlainSocketImpl.java:412)
	at java.base/java.net.AbstractPlainSocketImpl.connectToAddress(AbstractPlainSocketImpl.java:255)
	at java.base/java.net.AbstractPlainSocketImpl.connect(AbstractPlainSocketImpl.java:237)
	at java.base/java.net.SocksSocketImpl.connect(SocksSocketImpl.java:392)
	at java.base/java.net.Socket.connect(Socket.java:609)
	at java.base/java.net.Socket.connect(Socket.java:558)
	at java.base/java.net.Socket.<init>(Socket.java:454)
	at java.base/java.net.Socket.<init>(Socket.java:231)
	at java.rmi/sun.rmi.transport.tcp.TCPDirectSocketFactory.createSocket(TCPDirectSocketFactory.java:40)
	at java.rmi/sun.rmi.transport.tcp.TCPEndpoint.newSocket(TCPEndpoint.java:617)
	... 27 more

2024/10/09 13:26:07 INFO  - jmeter.engine.DistributedRunner: Failed to configure 127.0.0.1 
2024/10/09 13:26:07 INFO  - jmeter.engine.DistributedRunner: Stopping remote engines 
2024/10/09 13:26:07 INFO  - jmeter.engine.DistributedRunner: Remote engines have been stopped 
2024/10/09 13:26:07 ERROR - jmeter.gui.action.ActionRouter: Error processing org.apache.jmeter.gui.action.RemoteStart@4f5991f6 java.lang.RuntimeException: Following remote engines could not be configured:[127.0.0.1]
	at org.apache.jmeter.engine.DistributedRunner.init(DistributedRunner.java:110)
	at org.apache.jmeter.gui.action.RemoteStart.doAction(RemoteStart.java:85)
	at org.apache.jmeter.gui.action.ActionRouter.performAction(ActionRouter.java:81)
	at org.apache.jmeter.gui.action.ActionRouter.access$000(ActionRouter.java:40)
	at org.apache.jmeter.gui.action.ActionRouter$1.run(ActionRouter.java:63)
	at java.desktop/java.awt.event.InvocationEvent.dispatch(InvocationEvent.java:313)
	at java.desktop/java.awt.EventQueue.dispatchEventImpl(EventQueue.java:770)
	at java.desktop/java.awt.EventQueue$4.run(EventQueue.java:721)
	at java.desktop/java.awt.EventQueue$4.run(EventQueue.java:715)
	at java.base/java.security.AccessController.doPrivileged(Native Method)
	at java.base/java.security.ProtectionDomain$JavaSecurityAccessImpl.doIntersectionPrivilege(ProtectionDomain.java:85)
	at java.desktop/java.awt.EventQueue.dispatchEvent(EventQueue.java:740)
	at java.desktop/java.awt.EventDispatchThread.pumpOneEventForFilters(EventDispatchThread.java:203)
	at java.desktop/java.awt.EventDispatchThread.pumpEventsForFilter(EventDispatchThread.java:124)
	at java.desktop/java.awt.EventDispatchThread.pumpEventsForHierarchy(EventDispatchThread.java:113)
	at java.desktop/java.awt.EventDispatchThread.pumpEvents(EventDispatchThread.java:109)
	at java.desktop/java.awt.EventDispatchThread.pumpEvents(EventDispatchThread.java:101)
	at java.desktop/java.awt.EventDispatchThread.run(EventDispatchThread.java:90)

2024/10/09 13:26:27 INFO  - jmeter.engine.StandardJMeterEngine: Running the test! 
2024/10/09 13:26:27 INFO  - jmeter.samplers.SampleEvent: List of sample_variables: [] 
2024/10/09 13:26:27 INFO  - jmeter.gui.util.JMeterMenuBar: setRunning(true,*local*) 
2024/10/09 13:26:27 INFO  - jmeter.engine.StandardJMeterEngine: Starting ThreadGroup: 1 : Users 
2024/10/09 13:26:27 INFO  - jmeter.engine.StandardJMeterEngine: Starting 1 threads for group Users. 
2024/10/09 13:26:27 INFO  - jmeter.engine.StandardJMeterEngine: Thread will continue on error 
2024/10/09 13:26:27 INFO  - jmeter.threads.ThreadGroup: Starting thread group number 1 threads 1 ramp-up 1 perThread 1000.0 delayedStart=false 
2024/10/09 13:26:27 INFO  - jmeter.threads.ThreadGroup: Started thread group number 1 
2024/10/09 13:26:27 INFO  - jmeter.engine.StandardJMeterEngine: All thread groups have been started 
2024/10/09 13:26:27 INFO  - jmeter.threads.JMeterThread: Thread started: Users 1-1 
2024/10/09 13:26:27 INFO  - jmeter.threads.JMeterThread: Thread is done: Users 1-1 
2024/10/09 13:26:27 INFO  - jmeter.threads.JMeterThread: Thread finished: Users 1-1 
2024/10/09 13:26:27 INFO  - jmeter.engine.StandardJMeterEngine: Notifying test listeners of end of test 
2024/10/09 13:26:27 INFO  - jmeter.gui.util.JMeterMenuBar: setRunning(false,*local*) 
2024/10/09 13:26:30 INFO  - jmeter.engine.StandardJMeterEngine: Running the test! 
2024/10/09 13:26:30 INFO  - jmeter.samplers.SampleEvent: List of sample_variables: [] 
2024/10/09 13:26:30 INFO  - jmeter.gui.util.JMeterMenuBar: setRunning(true,*local*) 
2024/10/09 13:26:30 INFO  - jmeter.engine.StandardJMeterEngine: Starting ThreadGroup: 1 : Users 
2024/10/09 13:26:30 INFO  - jmeter.engine.StandardJMeterEngine: Starting 1 threads for group Users. 
2024/10/09 13:26:30 INFO  - jmeter.engine.StandardJMeterEngine: Thread will continue on error 
2024/10/09 13:26:30 INFO  - jmeter.threads.ThreadGroup: Starting thread group number 1 threads 1 ramp-up 1 perThread 1000.0 delayedStart=false 
2024/10/09 13:26:30 INFO  - jmeter.threads.ThreadGroup: Started thread group number 1 
2024/10/09 13:26:30 INFO  - jmeter.engine.StandardJMeterEngine: All thread groups have been started 
2024/10/09 13:26:30 INFO  - jmeter.threads.JMeterThread: Thread started: Users 1-1 
2024/10/09 13:26:30 INFO  - jmeter.threads.JMeterThread: Thread is done: Users 1-1 
2024/10/09 13:26:30 INFO  - jmeter.threads.JMeterThread: Thread finished: Users 1-1 
2024/10/09 13:26:30 INFO  - jmeter.engine.StandardJMeterEngine: Notifying test listeners of end of test 
2024/10/09 13:26:30 INFO  - jmeter.gui.util.JMeterMenuBar: setRunning(false,*local*) 
2024/10/09 13:27:10 INFO  - jmeter.engine.DistributedRunner: Configuring remote engine: 127.0.0.1 
2024/10/09 13:27:10 ERROR - jmeter.engine.DistributedRunner: Failed to create engine at 127.0.0.1 java.rmi.ConnectException: Connection refused to host: 127.0.0.1; nested exception is: 
	java.net.ConnectException: Connection refused (Connection refused)
	at java.rmi/sun.rmi.transport.tcp.TCPEndpoint.newSocket(TCPEndpoint.java:623)
	at java.rmi/sun.rmi.transport.tcp.TCPChannel.createConnection(TCPChannel.java:209)
	at java.rmi/sun.rmi.transport.tcp.TCPChannel.newConnection(TCPChannel.java:196)
	at java.rmi/sun.rmi.server.UnicastRef.newCall(UnicastRef.java:343)
	at java.rmi/sun.rmi.registry.RegistryImpl_Stub.lookup(RegistryImpl_Stub.java:116)
	at java.rmi/java.rmi.Naming.lookup(Naming.java:101)
	at org.apache.jmeter.engine.ClientJMeterEngine.getEngine(ClientJMeterEngine.java:54)
	at org.apache.jmeter.engine.ClientJMeterEngine.<init>(ClientJMeterEngine.java:67)
	at org.apache.jmeter.engine.DistributedRunner.createEngine(DistributedRunner.java:237)
	at org.apache.jmeter.engine.DistributedRunner.getClientEngine(DistributedRunner.java:213)
	at org.apache.jmeter.engine.DistributedRunner.init(DistributedRunner.java:91)
	at org.apache.jmeter.gui.action.RemoteStart.doAction(RemoteStart.java:85)
	at org.apache.jmeter.gui.action.ActionRouter.performAction(ActionRouter.java:81)
	at org.apache.jmeter.gui.action.ActionRouter.access$000(ActionRouter.java:40)
	at org.apache.jmeter.gui.action.ActionRouter$1.run(ActionRouter.java:63)
	at java.desktop/java.awt.event.InvocationEvent.dispatch(InvocationEvent.java:313)
	at java.desktop/java.awt.EventQueue.dispatchEventImpl(EventQueue.java:770)
	at java.desktop/java.awt.EventQueue$4.run(EventQueue.java:721)
	at java.desktop/java.awt.EventQueue$4.run(EventQueue.java:715)
	at java.base/java.security.AccessController.doPrivileged(Native Method)
	at java.base/java.security.ProtectionDomain$JavaSecurityAccessImpl.doIntersectionPrivilege(ProtectionDomain.java:85)
	at java.desktop/java.awt.EventQueue.dispatchEvent(EventQueue.java:740)
	at java.desktop/java.awt.EventDispatchThread.pumpOneEventForFilters(EventDispatchThread.java:203)
	at java.desktop/java.awt.EventDispatchThread.pumpEventsForFilter(EventDispatchThread.java:124)
	at java.desktop/java.awt.EventDispatchThread.pumpEventsForHierarchy(EventDispatchThread.java:113)
	at java.desktop/java.awt.EventDispatchThread.pumpEvents(EventDispatchThread.java:109)
	at java.desktop/java.awt.EventDispatchThread.pumpEvents(EventDispatchThread.java:101)
	at java.desktop/java.awt.EventDispatchThread.run(EventDispatchThread.java:90)
Caused by: java.net.ConnectException: Connection refused (Connection refused)
	at java.base/java.net.PlainSocketImpl.socketConnect(Native Method)
	at java.base/java.net.AbstractPlainSocketImpl.doConnect(AbstractPlainSocketImpl.java:412)
	at java.base/java.net.AbstractPlainSocketImpl.connectToAddress(AbstractPlainSocketImpl.java:255)
	at java.base/java.net.AbstractPlainSocketImpl.connect(AbstractPlainSocketImpl.java:237)
	at java.base/java.net.SocksSocketImpl.connect(SocksSocketImpl.java:392)
	at java.base/java.net.Socket.connect(Socket.java:609)
	at java.base/java.net.Socket.connect(Socket.java:558)
	at java.base/java.net.Socket.<init>(Socket.java:454)
	at java.base/java.net.Socket.<init>(Socket.java:231)
	at java.rmi/sun.rmi.transport.tcp.TCPDirectSocketFactory.createSocket(TCPDirectSocketFactory.java:40)
	at java.rmi/sun.rmi.transport.tcp.TCPEndpoint.newSocket(TCPEndpoint.java:617)
	... 27 more

2024/10/09 13:27:12 INFO  - jmeter.engine.DistributedRunner: Failed to configure 127.0.0.1 
2024/10/09 13:27:12 INFO  - jmeter.engine.DistributedRunner: Stopping remote engines 
2024/10/09 13:27:12 INFO  - jmeter.engine.DistributedRunner: Remote engines have been stopped 
2024/10/09 13:27:12 ERROR - jmeter.gui.action.ActionRouter: Error processing org.apache.jmeter.gui.action.RemoteStart@4f5991f6 java.lang.RuntimeException: Following remote engines could not be configured:[127.0.0.1]
	at org.apache.jmeter.engine.DistributedRunner.init(DistributedRunner.java:110)
	at org.apache.jmeter.gui.action.RemoteStart.doAction(RemoteStart.java:85)
	at org.apache.jmeter.gui.action.ActionRouter.performAction(ActionRouter.java:81)
	at org.apache.jmeter.gui.action.ActionRouter.access$000(ActionRouter.java:40)
	at org.apache.jmeter.gui.action.ActionRouter$1.run(ActionRouter.java:63)
	at java.desktop/java.awt.event.InvocationEvent.dispatch(InvocationEvent.java:313)
	at java.desktop/java.awt.EventQueue.dispatchEventImpl(EventQueue.java:770)
	at java.desktop/java.awt.EventQueue$4.run(EventQueue.java:721)
	at java.desktop/java.awt.EventQueue$4.run(EventQueue.java:715)
	at java.base/java.security.AccessController.doPrivileged(Native Method)
	at java.base/java.security.ProtectionDomain$JavaSecurityAccessImpl.doIntersectionPrivilege(ProtectionDomain.java:85)
	at java.desktop/java.awt.EventQueue.dispatchEvent(EventQueue.java:740)
	at java.desktop/java.awt.EventDispatchThread.pumpOneEventForFilters(EventDispatchThread.java:203)
	at java.desktop/java.awt.EventDispatchThread.pumpEventsForFilter(EventDispatchThread.java:124)
	at java.desktop/java.awt.EventDispatchThread.pumpEventsForHierarchy(EventDispatchThread.java:113)
	at java.desktop/java.awt.EventDispatchThread.pumpEvents(EventDispatchThread.java:109)
	at java.desktop/java.awt.EventDispatchThread.pumpEvents(EventDispatchThread.java:101)
	at java.desktop/java.awt.EventDispatchThread.run(EventDispatchThread.java:90)

2024/10/09 13:27:19 INFO  - jmeter.engine.DistributedRunner: Configuring remote engine: 127.0.0.1 
2024/10/09 13:27:19 ERROR - jmeter.engine.DistributedRunner: Failed to create engine at 127.0.0.1 java.rmi.ConnectException: Connection refused to host: 127.0.0.1; nested exception is: 
	java.net.ConnectException: Connection refused (Connection refused)
	at java.rmi/sun.rmi.transport.tcp.TCPEndpoint.newSocket(TCPEndpoint.java:623)
	at java.rmi/sun.rmi.transport.tcp.TCPChannel.createConnection(TCPChannel.java:209)
	at java.rmi/sun.rmi.transport.tcp.TCPChannel.newConnection(TCPChannel.java:196)
	at java.rmi/sun.rmi.server.UnicastRef.newCall(UnicastRef.java:343)
	at java.rmi/sun.rmi.registry.RegistryImpl_Stub.lookup(RegistryImpl_Stub.java:116)
	at java.rmi/java.rmi.Naming.lookup(Naming.java:101)
	at org.apache.jmeter.engine.ClientJMeterEngine.getEngine(ClientJMeterEngine.java:54)
	at org.apache.jmeter.engine.ClientJMeterEngine.<init>(ClientJMeterEngine.java:67)
	at org.apache.jmeter.engine.DistributedRunner.createEngine(DistributedRunner.java:237)
	at org.apache.jmeter.engine.DistributedRunner.getClientEngine(DistributedRunner.java:213)
	at org.apache.jmeter.engine.DistributedRunner.init(DistributedRunner.java:91)
	at org.apache.jmeter.gui.action.RemoteStart.doAction(RemoteStart.java:85)
	at org.apache.jmeter.gui.action.ActionRouter.performAction(ActionRouter.java:81)
	at org.apache.jmeter.gui.action.ActionRouter.access$000(ActionRouter.java:40)
	at org.apache.jmeter.gui.action.ActionRouter$1.run(ActionRouter.java:63)
	at java.desktop/java.awt.event.InvocationEvent.dispatch(InvocationEvent.java:313)
	at java.desktop/java.awt.EventQueue.dispatchEventImpl(EventQueue.java:770)
	at java.desktop/java.awt.EventQueue$4.run(EventQueue.java:721)
	at java.desktop/java.awt.EventQueue$4.run(EventQueue.java:715)
	at java.base/java.security.AccessController.doPrivileged(Native Method)
	at java.base/java.security.ProtectionDomain$JavaSecurityAccessImpl.doIntersectionPrivilege(ProtectionDomain.java:85)
	at java.desktop/java.awt.EventQueue.dispatchEvent(EventQueue.java:740)
	at java.desktop/java.awt.EventDispatchThread.pumpOneEventForFilters(EventDispatchThread.java:203)
	at java.desktop/java.awt.EventDispatchThread.pumpEventsForFilter(EventDispatchThread.java:124)
	at java.desktop/java.awt.EventDispatchThread.pumpEventsForHierarchy(EventDispatchThread.java:113)
	at java.desktop/java.awt.EventDispatchThread.pumpEvents(EventDispatchThread.java:109)
	at java.desktop/java.awt.EventDispatchThread.pumpEvents(EventDispatchThread.java:101)
	at java.desktop/java.awt.EventDispatchThread.run(EventDispatchThread.java:90)
Caused by: java.net.ConnectException: Connection refused (Connection refused)
	at java.base/java.net.PlainSocketImpl.socketConnect(Native Method)
	at java.base/java.net.AbstractPlainSocketImpl.doConnect(AbstractPlainSocketImpl.java:412)
	at java.base/java.net.AbstractPlainSocketImpl.connectToAddress(AbstractPlainSocketImpl.java:255)
	at java.base/java.net.AbstractPlainSocketImpl.connect(AbstractPlainSocketImpl.java:237)
	at java.base/java.net.SocksSocketImpl.connect(SocksSocketImpl.java:392)
	at java.base/java.net.Socket.connect(Socket.java:609)
	at java.base/java.net.Socket.connect(Socket.java:558)
	at java.base/java.net.Socket.<init>(Socket.java:454)
	at java.base/java.net.Socket.<init>(Socket.java:231)
	at java.rmi/sun.rmi.transport.tcp.TCPDirectSocketFactory.createSocket(TCPDirectSocketFactory.java:40)
	at java.rmi/sun.rmi.transport.tcp.TCPEndpoint.newSocket(TCPEndpoint.java:617)
	... 27 more

2024/10/09 13:27:20 INFO  - jmeter.engine.DistributedRunner: Failed to configure 127.0.0.1 
2024/10/09 13:27:20 INFO  - jmeter.engine.DistributedRunner: Stopping remote engines 
2024/10/09 13:27:20 INFO  - jmeter.engine.DistributedRunner: Remote engines have been stopped 
2024/10/09 13:27:20 ERROR - jmeter.gui.action.ActionRouter: Error processing org.apache.jmeter.gui.action.RemoteStart@4f5991f6 java.lang.RuntimeException: Following remote engines could not be configured:[127.0.0.1]
	at org.apache.jmeter.engine.DistributedRunner.init(DistributedRunner.java:110)
	at org.apache.jmeter.gui.action.RemoteStart.doAction(RemoteStart.java:85)
	at org.apache.jmeter.gui.action.ActionRouter.performAction(ActionRouter.java:81)
	at org.apache.jmeter.gui.action.ActionRouter.access$000(ActionRouter.java:40)
	at org.apache.jmeter.gui.action.ActionRouter$1.run(ActionRouter.java:63)
	at java.desktop/java.awt.event.InvocationEvent.dispatch(InvocationEvent.java:313)
	at java.desktop/java.awt.EventQueue.dispatchEventImpl(EventQueue.java:770)
	at java.desktop/java.awt.EventQueue$4.run(EventQueue.java:721)
	at java.desktop/java.awt.EventQueue$4.run(EventQueue.java:715)
	at java.base/java.security.AccessController.doPrivileged(Native Method)
	at java.base/java.security.ProtectionDomain$JavaSecurityAccessImpl.doIntersectionPrivilege(ProtectionDomain.java:85)
	at java.desktop/java.awt.EventQueue.dispatchEvent(EventQueue.java:740)
	at java.desktop/java.awt.EventDispatchThread.pumpOneEventForFilters(EventDispatchThread.java:203)
	at java.desktop/java.awt.EventDispatchThread.pumpEventsForFilter(EventDispatchThread.java:124)
	at java.desktop/java.awt.EventDispatchThread.pumpEventsForHierarchy(EventDispatchThread.java:113)
	at java.desktop/java.awt.EventDispatchThread.pumpEvents(EventDispatchThread.java:109)
	at java.desktop/java.awt.EventDispatchThread.pumpEvents(EventDispatchThread.java:101)
	at java.desktop/java.awt.EventDispatchThread.run(EventDispatchThread.java:90)

2024/10/09 13:29:59 INFO  - jmeter.engine.DistributedRunner: Configuring remote engine: 127.0.0.1 
2024/10/09 13:29:59 ERROR - jmeter.engine.DistributedRunner: Failed to create engine at 127.0.0.1 java.rmi.ConnectException: Connection refused to host: 127.0.0.1; nested exception is: 
	java.net.ConnectException: Connection refused (Connection refused)
	at java.rmi/sun.rmi.transport.tcp.TCPEndpoint.newSocket(TCPEndpoint.java:623)
	at java.rmi/sun.rmi.transport.tcp.TCPChannel.createConnection(TCPChannel.java:209)
	at java.rmi/sun.rmi.transport.tcp.TCPChannel.newConnection(TCPChannel.java:196)
	at java.rmi/sun.rmi.server.UnicastRef.newCall(UnicastRef.java:343)
	at java.rmi/sun.rmi.registry.RegistryImpl_Stub.lookup(RegistryImpl_Stub.java:116)
	at java.rmi/java.rmi.Naming.lookup(Naming.java:101)
	at org.apache.jmeter.engine.ClientJMeterEngine.getEngine(ClientJMeterEngine.java:54)
	at org.apache.jmeter.engine.ClientJMeterEngine.<init>(ClientJMeterEngine.java:67)
	at org.apache.jmeter.engine.DistributedRunner.createEngine(DistributedRunner.java:237)
	at org.apache.jmeter.engine.DistributedRunner.getClientEngine(DistributedRunner.java:213)
	at org.apache.jmeter.engine.DistributedRunner.init(DistributedRunner.java:91)
	at org.apache.jmeter.gui.action.RemoteStart.doAction(RemoteStart.java:85)
	at org.apache.jmeter.gui.action.ActionRouter.performAction(ActionRouter.java:81)
	at org.apache.jmeter.gui.action.ActionRouter.access$000(ActionRouter.java:40)
	at org.apache.jmeter.gui.action.ActionRouter$1.run(ActionRouter.java:63)
	at java.desktop/java.awt.event.InvocationEvent.dispatch(InvocationEvent.java:313)
	at java.desktop/java.awt.EventQueue.dispatchEventImpl(EventQueue.java:770)
	at java.desktop/java.awt.EventQueue$4.run(EventQueue.java:721)
	at java.desktop/java.awt.EventQueue$4.run(EventQueue.java:715)
	at java.base/java.security.AccessController.doPrivileged(Native Method)
	at java.base/java.security.ProtectionDomain$JavaSecurityAccessImpl.doIntersectionPrivilege(ProtectionDomain.java:85)
	at java.desktop/java.awt.EventQueue.dispatchEvent(EventQueue.java:740)
	at java.desktop/java.awt.EventDispatchThread.pumpOneEventForFilters(EventDispatchThread.java:203)
	at java.desktop/java.awt.EventDispatchThread.pumpEventsForFilter(EventDispatchThread.java:124)
	at java.desktop/java.awt.EventDispatchThread.pumpEventsForHierarchy(EventDispatchThread.java:113)
	at java.desktop/java.awt.EventDispatchThread.pumpEvents(EventDispatchThread.java:109)
	at java.desktop/java.awt.EventDispatchThread.pumpEvents(EventDispatchThread.java:101)
	at java.desktop/java.awt.EventDispatchThread.run(EventDispatchThread.java:90)
Caused by: java.net.ConnectException: Connection refused (Connection refused)
	at java.base/java.net.PlainSocketImpl.socketConnect(Native Method)
	at java.base/java.net.AbstractPlainSocketImpl.doConnect(AbstractPlainSocketImpl.java:412)
	at java.base/java.net.AbstractPlainSocketImpl.connectToAddress(AbstractPlainSocketImpl.java:255)
	at java.base/java.net.AbstractPlainSocketImpl.connect(AbstractPlainSocketImpl.java:237)
	at java.base/java.net.SocksSocketImpl.connect(SocksSocketImpl.java:392)
	at java.base/java.net.Socket.connect(Socket.java:609)
	at java.base/java.net.Socket.connect(Socket.java:558)
	at java.base/java.net.Socket.<init>(Socket.java:454)
	at java.base/java.net.Socket.<init>(Socket.java:231)
	at java.rmi/sun.rmi.transport.tcp.TCPDirectSocketFactory.createSocket(TCPDirectSocketFactory.java:40)
	at java.rmi/sun.rmi.transport.tcp.TCPEndpoint.newSocket(TCPEndpoint.java:617)
	... 27 more

2024/10/09 13:30:01 INFO  - jmeter.engine.DistributedRunner: Failed to configure 127.0.0.1 
2024/10/09 13:30:01 INFO  - jmeter.engine.DistributedRunner: Stopping remote engines 
2024/10/09 13:30:01 INFO  - jmeter.engine.DistributedRunner: Remote engines have been stopped 
2024/10/09 13:30:01 ERROR - jmeter.gui.action.ActionRouter: Error processing org.apache.jmeter.gui.action.RemoteStart@4f5991f6 java.lang.RuntimeException: Following remote engines could not be configured:[127.0.0.1]
	at org.apache.jmeter.engine.DistributedRunner.init(DistributedRunner.java:110)
	at org.apache.jmeter.gui.action.RemoteStart.doAction(RemoteStart.java:85)
	at org.apache.jmeter.gui.action.ActionRouter.performAction(ActionRouter.java:81)
	at org.apache.jmeter.gui.action.ActionRouter.access$000(ActionRouter.java:40)
	at org.apache.jmeter.gui.action.ActionRouter$1.run(ActionRouter.java:63)
	at java.desktop/java.awt.event.InvocationEvent.dispatch(InvocationEvent.java:313)
	at java.desktop/java.awt.EventQueue.dispatchEventImpl(EventQueue.java:770)
	at java.desktop/java.awt.EventQueue$4.run(EventQueue.java:721)
	at java.desktop/java.awt.EventQueue$4.run(EventQueue.java:715)
	at java.base/java.security.AccessController.doPrivileged(Native Method)
	at java.base/java.security.ProtectionDomain$JavaSecurityAccessImpl.doIntersectionPrivilege(ProtectionDomain.java:85)
	at java.desktop/java.awt.EventQueue.dispatchEvent(EventQueue.java:740)
	at java.desktop/java.awt.EventDispatchThread.pumpOneEventForFilters(EventDispatchThread.java:203)
	at java.desktop/java.awt.EventDispatchThread.pumpEventsForFilter(EventDispatchThread.java:124)
	at java.desktop/java.awt.EventDispatchThread.pumpEventsForHierarchy(EventDispatchThread.java:113)
	at java.desktop/java.awt.EventDispatchThread.pumpEvents(EventDispatchThread.java:109)
	at java.desktop/java.awt.EventDispatchThread.pumpEvents(EventDispatchThread.java:101)
	at java.desktop/java.awt.EventDispatchThread.run(EventDispatchThread.java:90)

2024/10/09 13:30:13 INFO  - jmeter.engine.DistributedRunner: Configuring remote engine: 127.0.0.1 
2024/10/09 13:30:13 ERROR - jmeter.engine.DistributedRunner: Failed to create engine at 127.0.0.1 java.rmi.ConnectException: Connection refused to host: 127.0.0.1; nested exception is: 
	java.net.ConnectException: Connection refused (Connection refused)
	at java.rmi/sun.rmi.transport.tcp.TCPEndpoint.newSocket(TCPEndpoint.java:623)
	at java.rmi/sun.rmi.transport.tcp.TCPChannel.createConnection(TCPChannel.java:209)
	at java.rmi/sun.rmi.transport.tcp.TCPChannel.newConnection(TCPChannel.java:196)
	at java.rmi/sun.rmi.server.UnicastRef.newCall(UnicastRef.java:343)
	at java.rmi/sun.rmi.registry.RegistryImpl_Stub.lookup(RegistryImpl_Stub.java:116)
	at java.rmi/java.rmi.Naming.lookup(Naming.java:101)
	at org.apache.jmeter.engine.ClientJMeterEngine.getEngine(ClientJMeterEngine.java:54)
	at org.apache.jmeter.engine.ClientJMeterEngine.<init>(ClientJMeterEngine.java:67)
	at org.apache.jmeter.engine.DistributedRunner.createEngine(DistributedRunner.java:237)
	at org.apache.jmeter.engine.DistributedRunner.getClientEngine(DistributedRunner.java:213)
	at org.apache.jmeter.engine.DistributedRunner.init(DistributedRunner.java:91)
	at org.apache.jmeter.gui.action.RemoteStart.doAction(RemoteStart.java:85)
	at org.apache.jmeter.gui.action.ActionRouter.performAction(ActionRouter.java:81)
	at org.apache.jmeter.gui.action.ActionRouter.access$000(ActionRouter.java:40)
	at org.apache.jmeter.gui.action.ActionRouter$1.run(ActionRouter.java:63)
	at java.desktop/java.awt.event.InvocationEvent.dispatch(InvocationEvent.java:313)
	at java.desktop/java.awt.EventQueue.dispatchEventImpl(EventQueue.java:770)
	at java.desktop/java.awt.EventQueue$4.run(EventQueue.java:721)
	at java.desktop/java.awt.EventQueue$4.run(EventQueue.java:715)
	at java.base/java.security.AccessController.doPrivileged(Native Method)
	at java.base/java.security.ProtectionDomain$JavaSecurityAccessImpl.doIntersectionPrivilege(ProtectionDomain.java:85)
	at java.desktop/java.awt.EventQueue.dispatchEvent(EventQueue.java:740)
	at java.desktop/java.awt.EventDispatchThread.pumpOneEventForFilters(EventDispatchThread.java:203)
	at java.desktop/java.awt.EventDispatchThread.pumpEventsForFilter(EventDispatchThread.java:124)
	at java.desktop/java.awt.EventDispatchThread.pumpEventsForHierarchy(EventDispatchThread.java:113)
	at java.desktop/java.awt.EventDispatchThread.pumpEvents(EventDispatchThread.java:109)
	at java.desktop/java.awt.EventDispatchThread.pumpEvents(EventDispatchThread.java:101)
	at java.desktop/java.awt.EventDispatchThread.run(EventDispatchThread.java:90)
Caused by: java.net.ConnectException: Connection refused (Connection refused)
	at java.base/java.net.PlainSocketImpl.socketConnect(Native Method)
	at java.base/java.net.AbstractPlainSocketImpl.doConnect(AbstractPlainSocketImpl.java:412)
	at java.base/java.net.AbstractPlainSocketImpl.connectToAddress(AbstractPlainSocketImpl.java:255)
	at java.base/java.net.AbstractPlainSocketImpl.connect(AbstractPlainSocketImpl.java:237)
	at java.base/java.net.SocksSocketImpl.connect(SocksSocketImpl.java:392)
	at java.base/java.net.Socket.connect(Socket.java:609)
	at java.base/java.net.Socket.connect(Socket.java:558)
	at java.base/java.net.Socket.<init>(Socket.java:454)
	at java.base/java.net.Socket.<init>(Socket.java:231)
	at java.rmi/sun.rmi.transport.tcp.TCPDirectSocketFactory.createSocket(TCPDirectSocketFactory.java:40)
	at java.rmi/sun.rmi.transport.tcp.TCPEndpoint.newSocket(TCPEndpoint.java:617)
	... 27 more

2024/10/09 13:30:14 INFO  - jmeter.engine.DistributedRunner: Failed to configure 127.0.0.1 
2024/10/09 13:30:14 INFO  - jmeter.engine.DistributedRunner: Stopping remote engines 
2024/10/09 13:30:14 INFO  - jmeter.engine.DistributedRunner: Remote engines have been stopped 
2024/10/09 13:30:14 ERROR - jmeter.gui.action.ActionRouter: Error processing org.apache.jmeter.gui.action.RemoteStart@4f5991f6 java.lang.RuntimeException: Following remote engines could not be configured:[127.0.0.1]
	at org.apache.jmeter.engine.DistributedRunner.init(DistributedRunner.java:110)
	at org.apache.jmeter.gui.action.RemoteStart.doAction(RemoteStart.java:85)
	at org.apache.jmeter.gui.action.ActionRouter.performAction(ActionRouter.java:81)
	at org.apache.jmeter.gui.action.ActionRouter.access$000(ActionRouter.java:40)
	at org.apache.jmeter.gui.action.ActionRouter$1.run(ActionRouter.java:63)
	at java.desktop/java.awt.event.InvocationEvent.dispatch(InvocationEvent.java:313)
	at java.desktop/java.awt.EventQueue.dispatchEventImpl(EventQueue.java:770)
	at java.desktop/java.awt.EventQueue$4.run(EventQueue.java:721)
	at java.desktop/java.awt.EventQueue$4.run(EventQueue.java:715)
	at java.base/java.security.AccessController.doPrivileged(Native Method)
	at java.base/java.security.ProtectionDomain$JavaSecurityAccessImpl.doIntersectionPrivilege(ProtectionDomain.java:85)
	at java.desktop/java.awt.EventQueue.dispatchEvent(EventQueue.java:740)
	at java.desktop/java.awt.EventDispatchThread.pumpOneEventForFilters(EventDispatchThread.java:203)
	at java.desktop/java.awt.EventDispatchThread.pumpEventsForFilter(EventDispatchThread.java:124)
	at java.desktop/java.awt.EventDispatchThread.pumpEventsForHierarchy(EventDispatchThread.java:113)
	at java.desktop/java.awt.EventDispatchThread.pumpEvents(EventDispatchThread.java:109)
	at java.desktop/java.awt.EventDispatchThread.pumpEvents(EventDispatchThread.java:101)
	at java.desktop/java.awt.EventDispatchThread.run(EventDispatchThread.java:90)

